<?xml version="1.0" encoding="UTF-8"?>
<testsuites name="jest tests" tests="2" failures="0" errors="0" time="3.936">
  <testsuite name="USER UPDATE - /users/updateME" errors="0" failures="0" skipped="0" timestamp="2025-05-02T04:16:53" time="3.645" tests="2">
    <testcase classname="USER UPDATE - /users/updateME should update the user name and email" name="USER UPDATE - /users/updateME should update the user name and email" time="0.034">
    </testcase>
    <testcase classname="USER UPDATE - /users/updateME should update the photo" name="USER UPDATE - /users/updateME should update the photo" time="0.052">
    </testcase>
  </testsuite>
</testsuites>