<?xml version="1.0" encoding="UTF-8"?>
<testsuites name="jest tests" tests="2" failures="0" errors="0" time="3.55">
  <testsuite name="MONGODB connection" errors="0" failures="0" skipped="0" timestamp="2025-05-13T20:34:06" time="3.312" tests="2">
    <testcase classname="MONGODB connection should connect  to the collection and find user " name="MONGODB connection should connect  to the collection and find user " time="0.03">
    </testcase>
    <testcase classname="MONGODB connection should create new user with imported data " name="MONGODB connection should create new user with imported data " time="0.386">
    </testcase>
  </testsuite>
</testsuites>